#
# A fatal error has been detected by the Java Runtime Environment:
#
#  EXCEPTION_ACCESS_VIOLATION (0xc0000005) at pc=0x00000000037a6d91, pid=7524, tid=0x00000000000023ec
#
# JRE version: Java(TM) SE Runtime Environment (8.0_202-b08) (build 1.8.0_202-b08)
# Java VM: Java HotSpot(TM) 64-Bit Server VM (25.202-b08 mixed mode windows-amd64 compressed oops)
# Problematic frame:
# J 1492 C2 com.android.dx.dex.file.FieldIdsSection.intern(Lcom/android/dx/rop/cst/CstFieldRef;)Lcom/android/dx/dex/file/FieldIdItem; (55 bytes) @ 0x00000000037a6d91 [0x00000000037a6c60+0x131]
#
# Failed to write core dump. Minidumps are not enabled by default on client versions of Windows
#
# If you would like to submit a bug report, please visit:
#   http://bugreport.java.com/bugreport/crash.jsp
#

---------------  T H R E A D  ---------------

Current thread (0x000000001750a800):  JavaThread "pool-2-thread-1" [_thread_in_Java, id=9196, stack(0x0000000017810000,0x0000000017910000)]

siginfo: ExceptionCode=0xc0000005, reading address 0x0000000000000050

Registers:
RAX=0x000000000000000a, RBX=0x00000000c4c3a428, RCX=0x0000000000000020, RDX=0x00000000c4c3a418
RSP=0x000000001790eee0, RBP=0x00000000c073ee18, RSI=0x0000000000000004, RDI=0x00000000c5fc1e98
R8 =0x0000000000000017, R9 =0x00000000eb290b88, R10=0x00000000c5c77908, R11=0x00000000c4c3a400
R12=0x0000000000000000, R13=0x00000000eb290ba0, R14=0x00000000c4dea010, R15=0x000000001750a800
RIP=0x00000000037a6d91, EFLAGS=0x0000000000010282

Top of Stack: (sp=0x000000001790eee0)
0x000000001790eee0:   00000000eb8e3e10 00000000eb8e3de0
0x000000001790eef0:   00000000eb8de420 00000000eb8e4098
0x000000001790ef00:   0000000000000007 00000000c3065400
0x000000001790ef10:   00000000eb8e5910 00000000eb8e47e0
0x000000001790ef20:   00000000eb8e4808 00000000eb5ea498
0x000000001790ef30:   0000000000000003 00000000c30654a8
0x000000001790ef40:   0000000000000003 0000000050a811f3
0x000000001790ef50:   000000001790f3b8 000000000375946c
0x000000001790ef60:   000000001750a800 00000000ffffffff
0x000000001790ef70:   00000000ffffffff 0000000050b5fba8
0x000000001790ef80:   000000001750a800 0000000017508930
0x000000001790ef90:   0000000000000000 00000000000003e0
0x000000001790efa0:   0000000000000000 0000000000000000
0x000000001790efb0:   000000001750a800 0000000050aa9ca8
0x000000001790efc0:   000000001750a800 0000000000000000
0x000000001790efd0:   0000000000000000 00000000031b56d0 

Instructions: (pc=0x00000000037a6d91)
0x00000000037a6d71:   00 00 48 8b f9 c4 e1 f9 7e c2 44 8b 57 10 41 8b
0x00000000037a6d81:   72 08 48 b9 00 00 00 00 00 00 00 00 48 8d 0c f1
0x00000000037a6d91:   48 8b 49 30 48 be f8 42 06 00 01 00 00 00 48 3b
0x00000000037a6da1:   ce 0f 85 ee 04 00 00 4d 8b f2 45 8b 56 08 41 81 


Register to memory mapping:

RAX=0x000000000000000a is an unknown value
RBX=0x00000000c4c3a428 is pointing into object: 0x00000000c4c3a418
[C 
 - klass: {type array char}
 - length: 23
RCX=0x0000000000000020 is an unknown value
RDX=0x00000000c4c3a418 is an oop
[C 
 - klass: {type array char}
 - length: 23
RSP=0x000000001790eee0 is pointing into the stack for thread: 0x000000001750a800
RBP=0x00000000c073ee18 is an oop
java.lang.String 
 - klass: 'java/lang/String'
RSI=0x0000000000000004 is an unknown value
RDI=0x00000000c5fc1e98 is an oop
java.util.TreeMap$Entry 
 - klass: 'java/util/TreeMap$Entry'
R8 =0x0000000000000017 is an unknown value
R9 =0x00000000eb290b88 is an oop
com.android.dx.rop.cst.CstNat 
 - klass: 'com/android/dx/rop/cst/CstNat'
R10=0x00000000c5c77908 is pointing into object: 0x00000000c5c77900
com.android.dx.util.ByteArray 
 - klass: 'com/android/dx/util/ByteArray'
R11=0x00000000c4c3a400 is an oop
java.lang.String 
 - klass: 'java/lang/String'
R12=0x0000000000000000 is an unknown value
R13=0x00000000eb290ba0 is an oop
com.android.dx.rop.cst.CstFieldRef 
 - klass: 'com/android/dx/rop/cst/CstFieldRef'
R14=0x00000000c4dea010 is an oop
com.android.dx.rop.cst.CstFieldRef 
 - klass: 'com/android/dx/rop/cst/CstFieldRef'
R15=0x000000001750a800 is a thread


Stack: [0x0000000017810000,0x0000000017910000],  sp=0x000000001790eee0,  free space=1019k
Native frames: (J=compiled Java code, j=interpreted, Vv=VM code, C=native code)
C  0x00000000037a6d91


---------------  P R O C E S S  ---------------

Java Threads: ( => current thread )
  0x000000001750f800 JavaThread "pool-3-thread-1" [_thread_blocked, id=5908, stack(0x0000000017910000,0x0000000017a10000)]
=>0x000000001750a800 JavaThread "pool-2-thread-1" [_thread_in_Java, id=9196, stack(0x0000000017810000,0x0000000017910000)]
  0x0000000017240800 JavaThread "Service Thread" daemon [_thread_blocked, id=8936, stack(0x0000000017610000,0x0000000017710000)]
  0x00000000158b7800 JavaThread "C1 CompilerThread2" daemon [_thread_blocked, id=6776, stack(0x0000000017110000,0x0000000017210000)]
  0x00000000158af800 JavaThread "C2 CompilerThread1" daemon [_thread_in_native, id=6152, stack(0x0000000017010000,0x0000000017110000)]
  0x00000000158ac000 JavaThread "C2 CompilerThread0" daemon [_thread_in_native, id=2692, stack(0x0000000016f10000,0x0000000017010000)]
  0x00000000158a9000 JavaThread "Attach Listener" daemon [_thread_blocked, id=6296, stack(0x0000000016e10000,0x0000000016f10000)]
  0x00000000158a8000 JavaThread "Signal Dispatcher" daemon [_thread_blocked, id=8552, stack(0x0000000016d10000,0x0000000016e10000)]
  0x00000000031ad000 JavaThread "Finalizer" daemon [_thread_blocked, id=8584, stack(0x0000000016b00000,0x0000000016c00000)]
  0x00000000031a3000 JavaThread "Reference Handler" daemon [_thread_blocked, id=6316, stack(0x0000000016a00000,0x0000000016b00000)]
  0x00000000030b3000 JavaThread "main" [_thread_blocked, id=6136, stack(0x0000000002f80000,0x0000000003080000)]

Other Threads:
  0x0000000015867800 VMThread [stack: 0x0000000016900000,0x0000000016a00000] [id=9000]
  0x00000000158fe000 WatcherThread [stack: 0x0000000017710000,0x0000000017810000] [id=4924]

VM state:not at safepoint (normal execution)

VM Mutex/Monitor currently owned by a thread: None

heap address: 0x00000000c0000000, size: 1024 MB, Compressed Oops mode: 32-bit
Narrow klass base: 0x0000000000000000, Narrow klass shift: 3
Compressed class space size: 1073741824 Address: 0x0000000100000000

Heap:
 PSYoungGen      total 201728K, used 57686K [0x00000000eab00000, 0x0000000100000000, 0x0000000100000000)
  eden space 137216K, 12% used [0x00000000eab00000,0x00000000ebb39358,0x00000000f3100000)
  from space 64512K, 63% used [0x00000000fc100000,0x00000000fe91c738,0x0000000100000000)
  to   space 105984K, 0% used [0x00000000f3100000,0x00000000f3100000,0x00000000f9880000)
 ParOldGen       total 314368K, used 177009K [0x00000000c0000000, 0x00000000d3300000, 0x00000000eab00000)
  object space 314368K, 56% used [0x00000000c0000000,0x00000000cacdc690,0x00000000d3300000)
 Metaspace       used 6736K, capacity 7384K, committed 7680K, reserved 1056768K
  class space    used 633K, capacity 656K, committed 768K, reserved 1048576K

Card table byte_map: [0x0000000012570000,0x0000000012780000] byte_map_base: 0x0000000011f70000

Marking Bits: (ParMarkBitMap*) 0x00000000510e5ce0
 Begin Bits: [0x0000000012ce0000, 0x0000000013ce0000)
 End Bits:   [0x0000000013ce0000, 0x0000000014ce0000)

Polling page: 0x0000000002e40000

CodeCache: size=245760Kb used=10435Kb max_used=10468Kb free=235324Kb
 bounds [0x00000000031b0000, 0x0000000003c00000, 0x00000000121b0000]
 total_blobs=2681 nmethods=2404 adapters=189
 compilation: enabled

Compilation events (10 events):
Event: 5.723 Thread 0x00000000158b7800 2524   !   3       com.android.dx.cf.direct.StdAttributeFactory::parseLocalVariables (274 bytes)
Event: 5.727 Thread 0x00000000158b7800 nmethod 2524 0x0000000003bcffd0 code [0x0000000003bd0740, 0x0000000003bd57c8]
Event: 5.728 Thread 0x00000000158b7800 2525       1       com.android.dx.cf.direct.DirectClassFile$DcfTypeList::isMutable (2 bytes)
Event: 5.728 Thread 0x00000000158b7800 nmethod 2525 0x0000000003bdb1d0 code [0x0000000003bdb320, 0x0000000003bdb430]
Event: 5.757 Thread 0x00000000158b7800 2527 %     3       com.android.dx.cf.code.OneLocalsArray::makeInitialized @ 23 (55 bytes)
Event: 5.757 Thread 0x00000000158b7800 nmethod 2527% 0x0000000003bdb490 code [0x0000000003bdb640, 0x0000000003bdbd58]
Event: 7.112 Thread 0x00000000158af800 nmethod 2480 0x0000000003be4950 code [0x0000000003be4d40, 0x0000000003bea828]
Event: 7.113 Thread 0x00000000158af800 2526       4       com.android.dx.ssa.SsaMethod::getExitBlock (26 bytes)
Event: 7.114 Thread 0x00000000158af800 nmethod 2526 0x0000000003be1850 code [0x0000000003be19a0, 0x0000000003be1a98]
Event: 7.114 Thread 0x00000000158af800 2507       4       com.android.dx.ssa.SsaConverter::edgeSplitSuccessors (98 bytes)

GC Heap History (10 events):
Event: 3.082 GC heap before
{Heap before GC invocations=8 (full 1):
 PSYoungGen      total 295424K, used 31743K [0x00000000eab00000, 0x0000000100000000, 0x0000000100000000)
  eden space 263680K, 0% used [0x00000000eab00000,0x00000000eab00000,0x00000000fac80000)
  from space 31744K, 99% used [0x00000000fac80000,0x00000000fcb7fd00,0x00000000fcb80000)
  to   space 52224K, 0% used [0x00000000fcd00000,0x00000000fcd00000,0x0000000100000000)
 ParOldGen       total 87552K, used 85695K [0x00000000c0000000, 0x00000000c5580000, 0x00000000eab00000)
  object space 87552K, 97% used [0x00000000c0000000,0x00000000c53afde0,0x00000000c5580000)
 Metaspace       used 6653K, capacity 7384K, committed 7680K, reserved 1056768K
  class space    used 631K, capacity 656K, committed 768K, reserved 1048576K
Event: 3.932 GC heap after
Heap after GC invocations=8 (full 1):
 PSYoungGen      total 295424K, used 24494K [0x00000000eab00000, 0x0000000100000000, 0x0000000100000000)
  eden space 263680K, 0% used [0x00000000eab00000,0x00000000eab00000,0x00000000fac80000)
  from space 31744K, 77% used [0x00000000fac80000,0x00000000fc46ba08,0x00000000fcb80000)
  to   space 52224K, 0% used [0x00000000fcd00000,0x00000000fcd00000,0x0000000100000000)
 ParOldGen       total 177152K, used 87130K [0x00000000c0000000, 0x00000000cad00000, 0x00000000eab00000)
  object space 177152K, 49% used [0x00000000c0000000,0x00000000c5516808,0x00000000cad00000)
 Metaspace       used 6653K, capacity 7384K, committed 7680K, reserved 1056768K
  class space    used 631K, capacity 656K, committed 768K, reserved 1048576K
}
Event: 4.592 GC heap before
{Heap before GC invocations=9 (full 1):
 PSYoungGen      total 295424K, used 288174K [0x00000000eab00000, 0x0000000100000000, 0x0000000100000000)
  eden space 263680K, 100% used [0x00000000eab00000,0x00000000fac80000,0x00000000fac80000)
  from space 31744K, 77% used [0x00000000fac80000,0x00000000fc46ba08,0x00000000fcb80000)
  to   space 52224K, 0% used [0x00000000fcd00000,0x00000000fcd00000,0x0000000100000000)
 ParOldGen       total 177152K, used 87130K [0x00000000c0000000, 0x00000000cad00000, 0x00000000eab00000)
  object space 177152K, 49% used [0x00000000c0000000,0x00000000c5516808,0x00000000cad00000)
 Metaspace       used 6689K, capacity 7384K, committed 7680K, reserved 1056768K
  class space    used 633K, capacity 656K, committed 768K, reserved 1048576K
Event: 4.685 GC heap after
Heap after GC invocations=9 (full 1):
 PSYoungGen      total 272384K, used 52206K [0x00000000eab00000, 0x0000000100000000, 0x0000000100000000)
  eden space 220160K, 0% used [0x00000000eab00000,0x00000000eab00000,0x00000000f8200000)
  from space 52224K, 99% used [0x00000000fcd00000,0x00000000ffffbac8,0x0000000100000000)
  to   space 64512K, 0% used [0x00000000f8200000,0x00000000f8200000,0x00000000fc100000)
 ParOldGen       total 177152K, used 94193K [0x00000000c0000000, 0x00000000cad00000, 0x00000000eab00000)
  object space 177152K, 53% used [0x00000000c0000000,0x00000000c5bfc538,0x00000000cad00000)
 Metaspace       used 6689K, capacity 7384K, committed 7680K, reserved 1056768K
  class space    used 633K, capacity 656K, committed 768K, reserved 1048576K
}
Event: 5.190 GC heap before
{Heap before GC invocations=10 (full 1):
 PSYoungGen      total 272384K, used 272366K [0x00000000eab00000, 0x0000000100000000, 0x0000000100000000)
  eden space 220160K, 100% used [0x00000000eab00000,0x00000000f8200000,0x00000000f8200000)
  from space 52224K, 99% used [0x00000000fcd00000,0x00000000ffffbac8,0x0000000100000000)
  to   space 64512K, 0% used [0x00000000f8200000,0x00000000f8200000,0x00000000fc100000)
 ParOldGen       total 177152K, used 94193K [0x00000000c0000000, 0x00000000cad00000, 0x00000000eab00000)
  object space 177152K, 53% used [0x00000000c0000000,0x00000000c5bfc538,0x00000000cad00000)
 Metaspace       used 6723K, capacity 7384K, committed 7680K, reserved 1056768K
  class space    used 633K, capacity 656K, committed 768K, reserved 1048576K
Event: 5.297 GC heap after
Heap after GC invocations=10 (full 1):
 PSYoungGen      total 284672K, used 64485K [0x00000000eab00000, 0x0000000100000000, 0x0000000100000000)
  eden space 220160K, 0% used [0x00000000eab00000,0x00000000eab00000,0x00000000f8200000)
  from space 64512K, 99% used [0x00000000f8200000,0x00000000fc0f9400,0x00000000fc100000)
  to   space 64512K, 0% used [0x00000000fc100000,0x00000000fc100000,0x0000000100000000)
 ParOldGen       total 177152K, used 117706K [0x00000000c0000000, 0x00000000cad00000, 0x00000000eab00000)
  object space 177152K, 66% used [0x00000000c0000000,0x00000000c72f2a78,0x00000000cad00000)
 Metaspace       used 6723K, capacity 7384K, committed 7680K, reserved 1056768K
  class space    used 633K, capacity 656K, committed 768K, reserved 1048576K
}
Event: 5.773 GC heap before
{Heap before GC invocations=11 (full 1):
 PSYoungGen      total 284672K, used 284645K [0x00000000eab00000, 0x0000000100000000, 0x0000000100000000)
  eden space 220160K, 100% used [0x00000000eab00000,0x00000000f8200000,0x00000000f8200000)
  from space 64512K, 99% used [0x00000000f8200000,0x00000000fc0f9400,0x00000000fc100000)
  to   space 64512K, 0% used [0x00000000fc100000,0x00000000fc100000,0x0000000100000000)
 ParOldGen       total 177152K, used 117706K [0x00000000c0000000, 0x00000000cad00000, 0x00000000eab00000)
  object space 177152K, 66% used [0x00000000c0000000,0x00000000c72f2a78,0x00000000cad00000)
 Metaspace       used 6736K, capacity 7384K, committed 7680K, reserved 1056768K
  class space    used 633K, capacity 656K, committed 768K, reserved 1048576K
Event: 5.960 GC heap after
Heap after GC invocations=11 (full 1):
 PSYoungGen      total 201728K, used 64481K [0x00000000eab00000, 0x0000000100000000, 0x0000000100000000)
  eden space 137216K, 0% used [0x00000000eab00000,0x00000000eab00000,0x00000000f3100000)
  from space 64512K, 99% used [0x00000000fc100000,0x00000000ffff86d8,0x0000000100000000)
  to   space 105984K, 0% used [0x00000000f3100000,0x00000000f3100000,0x00000000f9880000)
 ParOldGen       total 177152K, used 159139K [0x00000000c0000000, 0x00000000cad00000, 0x00000000eab00000)
  object space 177152K, 89% used [0x00000000c0000000,0x00000000c9b68c90,0x00000000cad00000)
 Metaspace       used 6736K, capacity 7384K, committed 7680K, reserved 1056768K
  class space    used 633K, capacity 656K, committed 768K, reserved 1048576K
}
Event: 5.960 GC heap before
{Heap before GC invocations=12 (full 2):
 PSYoungGen      total 201728K, used 64481K [0x00000000eab00000, 0x0000000100000000, 0x0000000100000000)
  eden space 137216K, 0% used [0x00000000eab00000,0x00000000eab00000,0x00000000f3100000)
  from space 64512K, 99% used [0x00000000fc100000,0x00000000ffff86d8,0x0000000100000000)
  to   space 105984K, 0% used [0x00000000f3100000,0x00000000f3100000,0x00000000f9880000)
 ParOldGen       total 177152K, used 159139K [0x00000000c0000000, 0x00000000cad00000, 0x00000000eab00000)
  object space 177152K, 89% used [0x00000000c0000000,0x00000000c9b68c90,0x00000000cad00000)
 Metaspace       used 6736K, capacity 7384K, committed 7680K, reserved 1056768K
  class space    used 633K, capacity 656K, committed 768K, reserved 1048576K
Event: 7.105 GC heap after
Heap after GC invocations=12 (full 2):
 PSYoungGen      total 201728K, used 41073K [0x00000000eab00000, 0x0000000100000000, 0x0000000100000000)
  eden space 137216K, 0% used [0x00000000eab00000,0x00000000eab00000,0x00000000f3100000)
  from space 64512K, 63% used [0x00000000fc100000,0x00000000fe91c738,0x0000000100000000)
  to   space 105984K, 0% used [0x00000000f3100000,0x00000000f3100000,0x00000000f9880000)
 ParOldGen       total 314368K, used 177009K [0x00000000c0000000, 0x00000000d3300000, 0x00000000eab00000)
  object space 314368K, 56% used [0x00000000c0000000,0x00000000cacdc690,0x00000000d3300000)
 Metaspace       used 6736K, capacity 7384K, committed 7680K, reserved 1056768K
  class space    used 633K, capacity 656K, committed 768K, reserved 1048576K
}

Deoptimization events (10 events):
Event: 4.767 Thread 0x000000001750a800 Uncommon trap: reason=class_check action=maybe_recompile pc=0x0000000003a165b0 method=com.android.dx.ssa.SCCP.simulateBranch(Lcom/android/dx/ssa/SsaInsn;)V @ 145
Event: 4.841 Thread 0x000000001750a800 Uncommon trap: reason=class_check action=maybe_recompile pc=0x0000000003a165b0 method=com.android.dx.ssa.SCCP.simulateBranch(Lcom/android/dx/ssa/SsaInsn;)V @ 145
Event: 4.841 Thread 0x000000001750a800 Uncommon trap: reason=class_check action=maybe_recompile pc=0x0000000003a165b0 method=com.android.dx.ssa.SCCP.simulateBranch(Lcom/android/dx/ssa/SsaInsn;)V @ 145
Event: 4.843 Thread 0x000000001750a800 Uncommon trap: reason=class_check action=maybe_recompile pc=0x0000000003a165b0 method=com.android.dx.ssa.SCCP.simulateBranch(Lcom/android/dx/ssa/SsaInsn;)V @ 145
Event: 5.554 Thread 0x000000001750a800 Uncommon trap: reason=speculate_class_check action=maybe_recompile pc=0x0000000003b8cbec method=com.android.dx.rop.cst.TypedConstant.getBasicType()I @ 1
Event: 5.662 Thread 0x00000000030b3000 Uncommon trap: reason=unstable_if action=reinterpret pc=0x00000000036bc8dc method=com.android.dx.ssa.SsaMethod.getExitBlock()Lcom/android/dx/ssa/SsaBasicBlock; @ 4
Event: 5.662 Thread 0x00000000030b3000 Uncommon trap: reason=unstable_if action=reinterpret pc=0x0000000003449d34 method=com.android.dx.ssa.SsaMethod.getExitBlock()Lcom/android/dx/ssa/SsaBasicBlock; @ 4
Event: 7.118 Thread 0x00000000030b3000 Uncommon trap: reason=class_check action=maybe_recompile pc=0x0000000003a9fd60 method=com.android.dx.rop.code.RegisterSpec$ForComparison.equals(Ljava/lang/Object;)Z @ 1
Event: 7.118 Thread 0x00000000030b3000 Uncommon trap: reason=class_check action=maybe_recompile pc=0x000000000399d2a4 method=com.android.dx.rop.code.RegisterSpec.equals(Ljava/lang/Object;)Z @ 1
Event: 7.118 Thread 0x00000000030b3000 Uncommon trap: reason=class_check action=maybe_recompile pc=0x0000000003a9fd60 method=com.android.dx.rop.code.RegisterSpec$ForComparison.equals(Ljava/lang/Object;)Z @ 1

Classes redefined (0 events):
No events

Internal exceptions (7 events):
Event: 0.029 Thread 0x00000000030b3000 Exception <a 'java/lang/NoSuchMethodError': Method sun.misc.Unsafe.defineClass(Ljava/lang/String;[BII)Ljava/lang/Class; name or signature does not match> (0x00000000eab07cb0) thrown at [C:\re\workspace\8-2-build-windows-amd64-cygwin\jdk8u202\12323\hotspot
Event: 0.029 Thread 0x00000000030b3000 Exception <a 'java/lang/NoSuchMethodError': Method sun.misc.Unsafe.prefetchRead(Ljava/lang/Object;J)V name or signature does not match> (0x00000000eab07f98) thrown at [C:\re\workspace\8-2-build-windows-amd64-cygwin\jdk8u202\12323\hotspot\src\share\vm\prim
Event: 0.431 Thread 0x00000000030b3000 Implicit null exception at 0x00000000034ed2e2 to 0x00000000034ed3da
Event: 0.997 Thread 0x00000000030b3000 Exception <a 'java/lang/ArrayIndexOutOfBoundsException': 18> (0x00000000ee76b8c8) thrown at [C:\re\workspace\8-2-build-windows-amd64-cygwin\jdk8u202\12323\hotspot\src\share\vm\interpreter\interpreterRuntime.cpp, line 368]
Event: 0.998 Thread 0x00000000030b3000 Exception <a 'java/lang/ArrayIndexOutOfBoundsException': 145> (0x00000000ee76d448) thrown at [C:\re\workspace\8-2-build-windows-amd64-cygwin\jdk8u202\12323\hotspot\src\share\vm\interpreter\interpreterRuntime.cpp, line 368]
Event: 0.998 Thread 0x00000000030b3000 Exception <a 'java/lang/ArrayIndexOutOfBoundsException'> (0x00000000ee76e730) thrown at [C:\re\workspace\8-2-build-windows-amd64-cygwin\jdk8u202\12323\hotspot\src\share\vm\runtime\sharedRuntime.cpp, line 605]
Event: 7.136 Thread 0x000000001750a800 Implicit null exception at 0x00000000037a6d91 to 0x0000000000000000

Events (10 events):
Event: 7.123 Thread 0x000000001750a800 DEOPT PACKING pc=0x0000000003bce346 sp=0x000000001790e970
Event: 7.123 Thread 0x000000001750a800 DEOPT UNPACKING pc=0x00000000031f7890 sp=0x000000001790e770 mode 0
Event: 7.128 Thread 0x000000001750a800 DEOPT PACKING pc=0x0000000003bce547 sp=0x000000001790e990
Event: 7.128 Thread 0x000000001750a800 DEOPT UNPACKING pc=0x00000000031f7890 sp=0x000000001790e790 mode 0
Event: 7.129 Thread 0x00000000030b3000 DEOPT PACKING pc=0x00000000036c40a9 sp=0x000000000307e2e0
Event: 7.129 Thread 0x00000000030b3000 DEOPT UNPACKING pc=0x00000000031f7890 sp=0x000000000307e140 mode 0
Event: 7.131 Thread 0x00000000030b3000 DEOPT PACKING pc=0x0000000003bce547 sp=0x000000000307e340
Event: 7.131 Thread 0x00000000030b3000 DEOPT UNPACKING pc=0x00000000031f7890 sp=0x000000000307e140 mode 0
Event: 7.135 Thread 0x00000000030b3000 DEOPT PACKING pc=0x0000000003bce346 sp=0x000000000307e360
Event: 7.135 Thread 0x00000000030b3000 DEOPT UNPACKING pc=0x00000000031f7890 sp=0x000000000307e160 mode 0


Dynamic libraries:
0x00007ff70c4b0000 - 0x00007ff70c4e7000 	C:\Program Files\Java\jdk1.8.0_202\bin\java.exe
0x00007ffe0e6a0000 - 0x00007ffe0e88d000 	C:\Windows\SYSTEM32\ntdll.dll
0x00007ffe0bf40000 - 0x00007ffe0bff3000 	C:\Windows\System32\KERNEL32.DLL
0x00007ffe0b190000 - 0x00007ffe0b423000 	C:\Windows\System32\KERNELBASE.dll
0x00007ffe0e560000 - 0x00007ffe0e603000 	C:\Windows\System32\ADVAPI32.dll
0x00007ffe0e360000 - 0x00007ffe0e3fe000 	C:\Windows\System32\msvcrt.dll
0x00007ffe0c250000 - 0x00007ffe0c2ee000 	C:\Windows\System32\sechost.dll
0x00007ffe0c580000 - 0x00007ffe0c6a2000 	C:\Windows\System32\RPCRT4.dll
0x00007ffe0c000000 - 0x00007ffe0c197000 	C:\Windows\System32\USER32.dll
0x00007ffe0a770000 - 0x00007ffe0a790000 	C:\Windows\System32\win32u.dll
0x00007ffe0ce30000 - 0x00007ffe0ce59000 	C:\Windows\System32\GDI32.dll
0x00007ffe0b430000 - 0x00007ffe0b5ca000 	C:\Windows\System32\gdi32full.dll
0x00007ffe0b5d0000 - 0x00007ffe0b670000 	C:\Windows\System32\msvcp_win.dll
0x00007ffe0a870000 - 0x00007ffe0a96a000 	C:\Windows\System32\ucrtbase.dll
0x00007ffdfdb50000 - 0x00007ffdfddc9000 	C:\Windows\WinSxS\amd64_microsoft.windows.common-controls_6595b64144ccf1df_6.0.17763.437_none_05b63dca071e5dd6\COMCTL32.dll
0x00007ffe0baa0000 - 0x00007ffe0bdcc000 	C:\Windows\System32\combase.dll
0x00007ffe0b670000 - 0x00007ffe0b6ee000 	C:\Windows\System32\bcryptPrimitives.dll
0x00007ffe0c4f0000 - 0x00007ffe0c51e000 	C:\Windows\System32\IMM32.DLL
0x0000000051d60000 - 0x0000000051e32000 	C:\Program Files\Java\jdk1.8.0_202\jre\bin\msvcr100.dll
0x00000000508c0000 - 0x0000000051165000 	C:\Program Files\Java\jdk1.8.0_202\jre\bin\server\jvm.dll
0x00007ffe0ce60000 - 0x00007ffe0ce68000 	C:\Windows\System32\PSAPI.DLL
0x00007ffdfa3b0000 - 0x00007ffdfa3b9000 	C:\Windows\SYSTEM32\WSOCK32.dll
0x00007ffe08330000 - 0x00007ffe08354000 	C:\Windows\SYSTEM32\WINMM.dll
0x00007ffe061a0000 - 0x00007ffe061aa000 	C:\Windows\SYSTEM32\VERSION.dll
0x00007ffe0c6b0000 - 0x00007ffe0c71d000 	C:\Windows\System32\WS2_32.dll
0x00007ffe08370000 - 0x00007ffe0839d000 	C:\Windows\SYSTEM32\winmmbase.dll
0x00007ffe0a790000 - 0x00007ffe0a7da000 	C:\Windows\System32\cfgmgr32.dll
0x00007ffe06710000 - 0x00007ffe0671f000 	C:\Program Files\Java\jdk1.8.0_202\jre\bin\verify.dll
0x00007ffe06310000 - 0x00007ffe06339000 	C:\Program Files\Java\jdk1.8.0_202\jre\bin\java.dll
0x00007ffe03bf0000 - 0x00007ffe03c06000 	C:\Program Files\Java\jdk1.8.0_202\jre\bin\zip.dll
0x00007ffe0ce70000 - 0x00007ffe0e360000 	C:\Windows\System32\SHELL32.dll
0x00007ffe0c1a0000 - 0x00007ffe0c248000 	C:\Windows\System32\shcore.dll
0x00007ffe0aa40000 - 0x00007ffe0b18a000 	C:\Windows\System32\windows.storage.dll
0x00007ffe0a720000 - 0x00007ffe0a744000 	C:\Windows\System32\profapi.dll
0x00007ffe0a6c0000 - 0x00007ffe0a71d000 	C:\Windows\System32\powrprof.dll
0x00007ffe0c520000 - 0x00007ffe0c572000 	C:\Windows\System32\shlwapi.dll
0x00007ffe0a6a0000 - 0x00007ffe0a6b1000 	C:\Windows\System32\kernel.appcore.dll
0x00007ffe0a970000 - 0x00007ffe0a987000 	C:\Windows\System32\cryptsp.dll
0x00007ffe09040000 - 0x00007ffe0922d000 	C:\Windows\SYSTEM32\dbghelp.dll

VM Arguments:
jvm_args: -Dfile.encoding=UTF8 -Xmx1G 
java_command: C:\Users\leona\AppData\Local\Android\sdk\build-tools\27.0.3\\lib\dx.jar --dex --no-strict --input-list=C:\Users\leona\AppData\Local\Temp\tmp51EC.tmp --multi-dex --main-dex-list=obj\Debug\90\multidex.keep --output obj\Debug\90\android\bin
java_class_path (initial): C:\Users\leona\AppData\Local\Android\sdk\build-tools\27.0.3\\lib\dx.jar
Launcher Type: SUN_STANDARD

Environment Variables:
PATH=C:/Program Files/Java/jdk1.8.0_202\bin;C:\Program Files (x86)\Common Files\Oracle\Java\javapath;C:\Windows\system32;C:\Windows;C:\Windows\System32\Wbem;C:\Windows\System32\WindowsPowerShell\v1.0\;C:\Windows\System32\OpenSSH\;C:\Program Files\Git\cmd;C:\Program Files\dotnet\;C:\Users\leona\AppData\Local\Android\Sdk\tools;C:\Users\leona\AppData\Local\Android\Sdk\platform-tools;C:\Users\leona\AppData\Local\Programs\Python\Python37\Scripts\;C:\Users\leona\AppData\Local\Programs\Python\Python37\;C:\Users\leona\AppData\Local\Microsoft\WindowsApps;C:\Users\leona\AppData\Local\GitHubDesktop\bin;C:\Users\leona\AppData\Roaming\DevTools\;C:\Users\leona\AppData\Local\Programs\Python\Python37\Scripts\;C:\Users\leona\AppData\Local\Programs\Python\Python37\;C:\Users\leona\AppData\Local\Microsoft\WindowsApps;C:\Users\leona\AppData\Local\Android\Sdk\tools;C:\Users\leona\AppData\Local\Android\Sdk\platform-tools;C:\Users\leona\AppData\Local\GitHubDesktop\bin
USERNAME=leona
OS=Windows_NT
PROCESSOR_IDENTIFIER=Intel64 Family 6 Model 142 Stepping 9, GenuineIntel



---------------  S Y S T E M  ---------------

OS: Windows 10.0 , 64 bit Build 17763 (10.0.17763.437)

CPU:total 4 (initial active 4) (2 cores per cpu, 2 threads per core) family 6 model 142 stepping 9, cmov, cx8, fxsr, mmx, sse, sse2, sse3, ssse3, sse4.1, sse4.2, popcnt, avx, avx2, aes, clmul, erms, 3dnowpref, lzcnt, ht, tsc, tscinvbit, bmi1, bmi2, adx

Memory: 4k page, physical 8302500k(1773600k free), swap 13545380k(5395340k free)

vm_info: Java HotSpot(TM) 64-Bit Server VM (25.202-b08) for windows-amd64 JRE (1.8.0_202-b08), built on Dec 15 2018 19:54:30 by "java_re" with MS VC++ 10.0 (VS2010)

time: Sat May 04 20:30:38 2019
timezone: RTZ 2 (зима)
elapsed time: 7 seconds (0d 0h 0m 7s)

